<?xml version="1.0" encoding="UTF-8"?>
<!-- Generated by org.testng.reporters.JUnitReportReporter -->
<testsuite hostname="Muthus-MacBook-Pro.local" failures="0" tests="3" name="testNGIgnore.TestNGIgnoreDemo" time="0.012" errors="0" timestamp="2020-04-01T12:24:58 MDT" skipped="1">
  <testcase classname="testNGIgnore.TestNGIgnoreDemo" name="test2" time="0.010"/>
  <system-out/>
  <testcase classname="testNGIgnore.TestNGIgnoreDemo" name="test3" time="0.002"/>
  <system-out/>
  <testcase classname="testNGIgnore.TestNGIgnoreDemo" name="test1">
    <skipped/>
  </testcase> <!-- test1 -->
  <system-out/>
</testsuite> <!-- testNGIgnore.TestNGIgnoreDemo -->
