<?xml version="1.0" encoding="UTF-8"?>
<!-- Generated by org.testng.reporters.JUnitReportReporter -->
<testsuite hostname="Muthus-MacBook-Pro.local" failures="0" tests="3" name="testNGPriority.TestNGPriorityDemo" time="0.020" errors="0" timestamp="2020-03-27T15:26:30 MDT" skipped="0">
  <testcase classname="testNGPriority.TestNGPriorityDemo" name="test2" time="0.014"/>
  <system-out/>
  <testcase classname="testNGPriority.TestNGPriorityDemo" name="test3" time="0.002"/>
  <system-out/>
  <testcase classname="testNGPriority.TestNGPriorityDemo" name="test1" time="0.004"/>
  <system-out/>
</testsuite> <!-- testNGPriority.TestNGPriorityDemo -->
