<?xml version="1.0" encoding="UTF-8"?>
<!-- Generated by org.testng.reporters.JUnitReportReporter -->
<testsuite hostname="Muthus-MacBook-Pro.local" failures="0" tests="1" name="testNGParameterize.TestNGParameterizeDemo" time="0.011" errors="0" timestamp="2020-03-27T20:49:00 MDT" skipped="0">
  <testcase classname="testNGParameterize.TestNGParameterizeDemo" name="test" time="0.011"/>
  <system-out/>
</testsuite> <!-- testNGParameterize.TestNGParameterizeDemo -->
