<?xml version="1.0" encoding="UTF-8"?>
<!-- Generated by org.testng.reporters.JUnitReportReporter -->
<testsuite hostname="Muthus-MacBook-Pro.local" failures="0" tests="2" name="testNGGrouping.TestNGGroupingDemo" time="0.014" errors="0" timestamp="2020-03-27T16:16:55 MDT" skipped="0">
  <testcase classname="testNGGrouping.TestNGGroupingDemo" name="test2" time="0.002"/>
  <system-out/>
  <testcase classname="testNGGrouping.TestNGGroupingDemo" name="test1" time="0.012"/>
  <system-out/>
</testsuite> <!-- testNGGrouping.TestNGGroupingDemo -->
