<?xml version="1.0" encoding="UTF-8"?>
<!-- Generated by org.testng.reporters.JUnitReportReporter -->
<testsuite hostname="Muthus-MacBook-Pro.local" failures="0" tests="1" name="appliTools.AppliToolsDemo" time="27.610" errors="1" timestamp="2020-03-31T16:55:22 MDT" skipped="0">
  <testcase classname="appliTools.AppliToolsDemo" name="VGTest" time="27.610">
    <error message="com.applitools.eyes.exceptions.DiffsFoundException: Test &#039;Java VisualGrid demo&#039; of &#039;Demo app&#039; detected differences! See details at: https://eyes.applitools.com/app/batches/00000251816605485280/00000251816605485139?accountId=SWN5IEmYhkWgNgCY1Fn8hg~~" type="java.lang.Error">
      <![CDATA[java.lang.Error: com.applitools.eyes.exceptions.DiffsFoundException: Test 'Java VisualGrid demo' of 'Demo app' detected differences! See details at: https://eyes.applitools.com/app/batches/00000251816605485280/00000251816605485139?accountId=SWN5IEmYhkWgNgCY1Fn8hg~~
at com.applitools.eyes.visualgrid.services.VisualGridRunner.getAllTestResultsImpl(VisualGridRunner.java:446)
at com.applitools.eyes.EyesRunner.getAllTestResults(EyesRunner.java:23)
at com.applitools.eyes.EyesRunner.getAllTestResults(EyesRunner.java:17)
at appliTools.AppliToolsDemo.VGTest(AppliToolsDemo.java:90)
at java.base/jdk.internal.reflect.NativeMethodAccessorImpl.invoke0(Native Method)
at java.base/jdk.internal.reflect.NativeMethodAccessorImpl.invoke(NativeMethodAccessorImpl.java:62)
at java.base/jdk.internal.reflect.DelegatingMethodAccessorImpl.invoke(DelegatingMethodAccessorImpl.java:43)
at java.base/java.lang.reflect.Method.invoke(Method.java:567)
at org.testng.internal.MethodInvocationHelper.invokeMethod(MethodInvocationHelper.java:134)
at org.testng.internal.TestInvoker.invokeMethod(TestInvoker.java:597)
at org.testng.internal.TestInvoker.invokeTestMethod(TestInvoker.java:173)
at org.testng.internal.MethodRunner.runInSequence(MethodRunner.java:46)
at org.testng.internal.TestInvoker$MethodInvocationAgent.invoke(TestInvoker.java:816)
at org.testng.internal.TestInvoker.invokeTestMethods(TestInvoker.java:146)
at org.testng.internal.TestMethodWorker.invokeTestMethods(TestMethodWorker.java:146)
at org.testng.internal.TestMethodWorker.run(TestMethodWorker.java:128)
at java.base/java.util.ArrayList.forEach(ArrayList.java:1507)
at org.testng.TestRunner.privateRun(TestRunner.java:766)
at org.testng.TestRunner.run(TestRunner.java:587)
at org.testng.SuiteRunner.runTest(SuiteRunner.java:384)
at org.testng.SuiteRunner.runSequentially(SuiteRunner.java:378)
at org.testng.SuiteRunner.privateRun(SuiteRunner.java:337)
at org.testng.SuiteRunner.run(SuiteRunner.java:286)
at org.testng.SuiteRunnerWorker.runSuite(SuiteRunnerWorker.java:53)
at org.testng.SuiteRunnerWorker.run(SuiteRunnerWorker.java:96)
at org.testng.TestNG.runSuitesSequentially(TestNG.java:1187)
at org.testng.TestNG.runSuitesLocally(TestNG.java:1109)
at org.testng.TestNG.runSuites(TestNG.java:1039)
at org.testng.TestNG.run(TestNG.java:1007)
at org.testng.remote.AbstractRemoteTestNG.run(AbstractRemoteTestNG.java:115)
at org.testng.remote.RemoteTestNG.initAndRun(RemoteTestNG.java:251)
at org.testng.remote.RemoteTestNG.main(RemoteTestNG.java:77)
Caused by: com.applitools.eyes.exceptions.DiffsFoundException: Test 'Java VisualGrid demo' of 'Demo app' detected differences! See details at: https://eyes.applitools.com/app/batches/00000251816605485280/00000251816605485139?accountId=SWN5IEmYhkWgNgCY1Fn8hg~~
at com.applitools.eyes.EyesBase.logSessionResultsAndThrowException(EyesBase.java:515)
at com.applitools.eyes.EyesBase.close(EyesBase.java:488)
at com.applitools.eyes.visualgrid.services.VisualGridTask.call(VisualGridTask.java:150)
at com.applitools.eyes.visualgrid.services.VisualGridTask.call(VisualGridTask.java:17)
at java.base/java.util.concurrent.FutureTask.run(FutureTask.java:264)
at java.base/java.util.concurrent.Executors$RunnableAdapter.call(Executors.java:515)
at java.base/java.util.concurrent.FutureTask.run(FutureTask.java:264)
at java.base/java.util.concurrent.ThreadPoolExecutor.runWorker(ThreadPoolExecutor.java:1128)
at java.base/java.util.concurrent.ThreadPoolExecutor$Worker.run(ThreadPoolExecutor.java:628)
at java.base/java.lang.Thread.run(Thread.java:830)
]]>
    </error>
  </testcase> <!-- VGTest -->
  <system-out/>
</testsuite> <!-- appliTools.AppliToolsDemo -->
