<?xml version="1.0" encoding="UTF-8"?>
<!-- Generated by org.testng.reporters.JUnitReportReporter -->
<testsuite hostname="Muthus-MacBook-Pro.local" failures="0" tests="2" name="Test.ExtentReportTestNGDemo" time="1.765" errors="0" timestamp="2020-03-25T15:01:43 MDT" skipped="0">
  <testcase classname="Test.ExtentReportTestNGDemo" name="test" time="1.759"/>
  <system-out/>
  <testcase classname="Test.ExtentReportTestNGDemo" name="test1" time="0.006"/>
  <system-out/>
</testsuite> <!-- Test.ExtentReportTestNGDemo -->
