<?xml version="1.0" encoding="UTF-8"?>
<!-- Generated by org.testng.reporters.JUnitReportReporter -->
<testsuite hostname="Muthus-MacBook-Pro.local" failures="0" tests="3" name="TestNGIgnore.TestNGIgnoreDemo" time="0.013" errors="0" timestamp="2020-03-27T21:34:39 MDT" skipped="1">
  <testcase classname="TestNGIgnore.TestNGIgnoreDemo" name="test2" time="0.010"/>
  <system-out/>
  <testcase classname="TestNGIgnore.TestNGIgnoreDemo" name="test3" time="0.003"/>
  <system-out/>
  <testcase classname="TestNGIgnore.TestNGIgnoreDemo" name="test1">
    <skipped/>
  </testcase> <!-- test1 -->
  <system-out/>
</testsuite> <!-- TestNGIgnore.TestNGIgnoreDemo -->
