<?xml version="1.0" encoding="UTF-8"?>
<!-- Generated by org.testng.reporters.JUnitReportReporter -->
<testsuite hostname="Muthus-MacBook-Pro.local" failures="0" tests="3" name="testNGDependencies.TestNGDependenciesDemo" time="0.015" errors="0" timestamp="2020-03-27T21:27:24 MDT" skipped="0">
  <testcase classname="testNGDependencies.TestNGDependenciesDemo" name="test1" time="0.002"/>
  <system-out/>
  <testcase classname="testNGDependencies.TestNGDependenciesDemo" name="test3" time="0.011"/>
  <system-out/>
  <testcase classname="testNGDependencies.TestNGDependenciesDemo" name="test2" time="0.002"/>
  <system-out/>
</testsuite> <!-- testNGDependencies.TestNGDependenciesDemo -->
