<?xml version="1.0" encoding="UTF-8"?>
<!-- Generated by org.testng.reporters.JUnitReportReporter -->
<testsuite hostname="Muthus-MacBook-Pro.local" failures="0" tests="1" name="utils.ExcelDataProvider" time="0.007" errors="0" timestamp="2020-03-27T12:16:03 MDT" skipped="0">
  <testcase classname="utils.ExcelDataProvider" name="test1" time="0.007"/>
  <system-out/>
</testsuite> <!-- utils.ExcelDataProvider -->
