<?xml version="1.0" encoding="UTF-8"?>
<!-- Generated by org.testng.reporters.JUnitReportReporter -->
<testsuite hostname="Muthus-MacBook-Pro.local" failures="0" tests="1" name="Test.TestNGDemo2" time="8.225" errors="0" timestamp="2020-03-25T15:59:02 MDT" skipped="0">
  <testcase classname="Test.TestNGDemo2" name="googleSearch3" time="8.225"/>
  <system-out/>
</testsuite> <!-- Test.TestNGDemo2 -->
