<?xml version="1.0" encoding="UTF-8"?>
<!-- Generated by org.testng.reporters.JUnitReportReporter -->
<testsuite hostname="Muthus-MacBook-Pro.local" failures="0" tests="1" name="test.TestNGDemo2" time="7.677" errors="0" timestamp="2020-04-01T20:22:33 MDT" skipped="0">
  <testcase classname="test.TestNGDemo2" name="googleSearch3" time="7.677"/>
  <system-out/>
</testsuite> <!-- test.TestNGDemo2 -->
